Sat Nov 29 19:32:01 IST 2025  [debug] AvalonLogSystem initialized using logfile 'velocity.log'
Sat Nov 29 19:32:01 IST 2025   [info] ************************************************************** 
Sat Nov 29 19:32:01 IST 2025   [info] Starting Jakarta Velocity v1.4
Sat Nov 29 19:32:01 IST 2025   [info] RuntimeInstance initializing.
Sat Nov 29 19:32:01 IST 2025   [info] Default Properties File: org\apache\velocity\runtime\defaults\velocity.properties
Sat Nov 29 19:32:01 IST 2025   [info] Trying to use logger class org.apache.velocity.runtime.log.AvalonLogSystem
Sat Nov 29 19:32:01 IST 2025   [info] Using logger class org.apache.velocity.runtime.log.AvalonLogSystem
Sat Nov 29 19:32:01 IST 2025   [info] Default ResourceManager initializing. (class org.apache.velocity.runtime.resource.ResourceManagerImpl)
Sat Nov 29 19:32:01 IST 2025   [info] Resource Loader Instantiated: org.apache.velocity.runtime.resource.loader.ClasspathResourceLoader
Sat Nov 29 19:32:01 IST 2025   [info] ClasspathResourceLoader : initialization starting.
Sat Nov 29 19:32:01 IST 2025   [info] ClasspathResourceLoader : initialization complete.
Sat Nov 29 19:32:01 IST 2025   [info] ResourceCache : initialized. (class org.apache.velocity.runtime.resource.ResourceCacheImpl)
Sat Nov 29 19:32:01 IST 2025   [info] Default ResourceManager initialization complete.
Sat Nov 29 19:32:01 IST 2025   [info] Loaded System Directive: org.apache.velocity.runtime.directive.Literal
Sat Nov 29 19:32:01 IST 2025   [info] Loaded System Directive: org.apache.velocity.runtime.directive.Macro
Sat Nov 29 19:32:01 IST 2025   [info] Loaded System Directive: org.apache.velocity.runtime.directive.Parse
Sat Nov 29 19:32:01 IST 2025   [info] Loaded System Directive: org.apache.velocity.runtime.directive.Include
Sat Nov 29 19:32:01 IST 2025   [info] Loaded System Directive: org.apache.velocity.runtime.directive.Foreach
Sat Nov 29 19:32:01 IST 2025   [info] Created: 20 parsers.
Sat Nov 29 19:32:01 IST 2025   [info] Velocimacro : initialization starting.
Sat Nov 29 19:32:01 IST 2025   [info] Velocimacro : adding VMs from VM utilities template : VM_global_library.vm
Sat Nov 29 19:32:01 IST 2025  [error] ResourceManager : unable to find resource 'VM_global_library.vm' in any resource loader.
Sat Nov 29 19:32:01 IST 2025   [info] Velocimacro : error using  VM utilities template VM_global_library.vm : org.apache.velocity.exception.ResourceNotFoundException: Unable to find resource 'VM_global_library.vm'
Sat Nov 29 19:32:01 IST 2025   [info] Velocimacro :  VM utilities template macro registration complete.
Sat Nov 29 19:32:01 IST 2025   [info] Velocimacro : allowInline = true : VMs can be defined inline in templates
Sat Nov 29 19:32:01 IST 2025   [info] Velocimacro : allowInlineToOverride = false : VMs defined inline may NOT replace previous VM definitions
Sat Nov 29 19:32:01 IST 2025   [info] Velocimacro : allowInlineLocal = false : VMs defined inline will be  global in scope if allowed.
Sat Nov 29 19:32:01 IST 2025   [info] Velocimacro : messages on  : VM system will output logging messages
Sat Nov 29 19:32:01 IST 2025   [info] Velocimacro : autoload off  : VM system will not automatically reload global utilities macros
Sat Nov 29 19:32:01 IST 2025   [info] Velocimacro : initialization complete.
Sat Nov 29 19:32:01 IST 2025   [info] Velocity successfully started.
